#
# There is insufficient memory for the Java Runtime Environment to continue.
# Native memory allocation (mmap) failed to map 264241152 bytes for G1 virtual space
# Possible reasons:
#   The system is out of physical RAM or swap space
#   The process is running with CompressedOops enabled, and the Java Heap may be blocking the growth of the native heap
# Possible solutions:
#   Reduce memory load on the system
#   Increase physical memory or swap space
#   Check if swap backing store is full
#   Decrease Java heap size (-Xmx/-Xms)
#   Decrease number of Java threads
#   Decrease Java thread stack sizes (-Xss)
#   Set larger code cache with -XX:ReservedCodeCacheSize=
#   JVM is running with Zero Based Compressed Oops mode in which the Java heap is
#     placed in the first 32GB address space. The Java Heap base address is the
#     maximum limit for the native heap growth. Please use -XX:HeapBaseMinAddress
#     to set the Java Heap base and to place the Java Heap above 32GB virtual address.
# This output file may be truncated or incomplete.
#
#  Out of Memory Error (os_windows.cpp:3600), pid=17376, tid=28216
#
# JRE version:  (21.0.2+13) (build )
# Java VM: Java HotSpot(TM) 64-Bit Server VM (21.0.2+13-LTS-58, mixed mode, sharing, tiered, compressed oops, compressed class ptrs, g1 gc, windows-amd64)
# No core dump will be written. Minidumps are not enabled by default on client versions of Windows
#

---------------  S U M M A R Y ------------

Command Line: -javaagent:C:\Program Files\JetBrains\IntelliJ IDEA 2023.3.3\lib\idea_rt.jar=59367:C:\Program Files\JetBrains\IntelliJ IDEA 2023.3.3\bin -Dfile.encoding=UTF-8 -Dsun.stdout.encoding=UTF-8 -Dsun.stderr.encoding=UTF-8 view.Main

Host: 11th Gen Intel(R) Core(TM) i7-1195G7 @ 2.90GHz, 8 cores, 15G,  Windows 11 , 64 bit Build 22621 (10.0.22621.3672)
Time: Tue Jul  2 11:13:17 2024 Iran Standard Time elapsed time: 0.011727 seconds (0d 0h 0m 0s)

---------------  T H R E A D  ---------------

Current thread (0x0000020e17d2af30):  JavaThread "Unknown thread" [_thread_in_vm, id=28216, stack(0x000000c4e1700000,0x000000c4e1800000) (1024K)]

Stack: [0x000000c4e1700000,0x000000c4e1800000]
Native frames: (J=compiled Java code, j=interpreted, Vv=VM code, C=native code)
V  [jvm.dll+0x6cade9]
V  [jvm.dll+0x8569c1]
V  [jvm.dll+0x858d2e]
V  [jvm.dll+0x859413]
V  [jvm.dll+0x280e56]
V  [jvm.dll+0x6c74d5]
V  [jvm.dll+0x6bbeca]
V  [jvm.dll+0x355bca]
V  [jvm.dll+0x35d816]
V  [jvm.dll+0x3ae67e]
V  [jvm.dll+0x3ae928]
V  [jvm.dll+0x3295dc]
V  [jvm.dll+0x32a16b]
V  [jvm.dll+0x81efa9]
V  [jvm.dll+0x3bba01]
V  [jvm.dll+0x807928]
V  [jvm.dll+0x44f50e]
V  [jvm.dll+0x450e11]
C  [jli.dll+0x52a3]
C  [ucrtbase.dll+0x29333]
C  [KERNEL32.DLL+0x1257d]
C  [ntdll.dll+0x5af28]


---------------  P R O C E S S  ---------------

Threads class SMR info:
_java_thread_list=0x00007ffaf9b3bb88, length=0, elements={
}

Java Threads: ( => current thread )
Total: 0

Other Threads:
  0x0000020e17d91ae0 WorkerThread "GC Thread#0"                     [id=39416, stack(0x000000c4e1800000,0x000000c4e1900000) (1024K)]
  0x0000020e17ddf010 ConcurrentGCThread "G1 Main Marker"            [id=3748, stack(0x000000c4e1900000,0x000000c4e1a00000) (1024K)]
  0x0000020e17de02b0 WorkerThread "G1 Conc#0"                       [id=37492, stack(0x000000c4e1a00000,0x000000c4e1b00000) (1024K)]

[error occurred during error reporting (printing all threads), id 0xc0000005, EXCEPTION_ACCESS_VIOLATION (0xc0000005) at pc=0x00007ffaf92ac6a7]
VM state: not at safepoint (not fully initialized)

VM Mutex/Monitor currently owned by a thread:  ([mutex/lock_event])
[0x00007ffaf9bace68] Heap_lock - owner thread: 0x0000020e17d2af30

Heap address: 0x0000000704c00000, size: 4020 MB, Compressed Oops mode: Zero based, Oop shift amount: 3

CDS archive(s) mapped at: [0x0000000000000000-0x0000000000000000-0x0000000000000000), size 0, SharedBaseAddress: 0x0000000800000000, ArchiveRelocationMode: 1.
Narrow klass base: 0x0000000000000000, Narrow klass shift: 0, Narrow klass range: 0x0

GC Precious Log:
 CardTable entry size: 512
 Card Set container configuration: InlinePtr #cards 4 size 8 Array Of Cards #cards 16 size 48 Howl #buckets 8 coarsen threshold 3686 Howl Bitmap #cards 512 size 80 coarsen threshold 460 Card regions per heap region 1 cards per card region 4096

Heap:
 garbage-first heap   total 0K, used 0K [0x0000000704c00000, 0x0000000800000000)
  region size 2048K, 0 young (0K), 0 survivors (0K)

[error occurred during error reporting (printing heap information), id 0xc0000005, EXCEPTION_ACCESS_VIOLATION (0xc0000005) at pc=0x00007ffaf96939f9]
GC Heap History (0 events):
No events

Dll operation events (1 events):
Event: 0.008 Loaded shared library C:\Program Files\Java\jdk-21\bin\java.dll

Deoptimization events (0 events):
No events

Classes loaded (0 events):
No events

Classes unloaded (0 events):
No events

Classes redefined (0 events):
No events

Internal exceptions (0 events):
No events

ZGC Phase Switch (0 events):
No events

VM Operations (0 events):
No events

Events (0 events):
No events


Dynamic libraries:
0x00007ff723140000 - 0x00007ff723150000 	C:\Program Files\Java\jdk-21\bin\java.exe
0x00007ffbacc50000 - 0x00007ffbace67000 	C:\WINDOWS\SYSTEM32\ntdll.dll
0x00007ffbaab50000 - 0x00007ffbaac14000 	C:\WINDOWS\System32\KERNEL32.DLL
0x00007ffbaa140000 - 0x00007ffbaa4ec000 	C:\WINDOWS\System32\KERNELBASE.dll
0x00007ffba9f80000 - 0x00007ffbaa091000 	C:\WINDOWS\System32\ucrtbase.dll
0x00007ffb992c0000 - 0x00007ffb992db000 	C:\Program Files\Java\jdk-21\bin\VCRUNTIME140.dll
0x00007ffb99140000 - 0x00007ffb99159000 	C:\Program Files\Java\jdk-21\bin\jli.dll
0x00007ffbac550000 - 0x00007ffbac602000 	C:\WINDOWS\System32\ADVAPI32.dll
0x00007ffbac4a0000 - 0x00007ffbac547000 	C:\WINDOWS\System32\msvcrt.dll
0x00007ffbac7d0000 - 0x00007ffbac87a000 	C:\WINDOWS\System32\sechost.dll
0x00007ffbaa690000 - 0x00007ffbaa6b8000 	C:\WINDOWS\System32\bcrypt.dll
0x00007ffbac880000 - 0x00007ffbac995000 	C:\WINDOWS\System32\RPCRT4.dll
0x00007ffbac2f0000 - 0x00007ffbac49e000 	C:\WINDOWS\System32\USER32.dll
0x00007ffbaa660000 - 0x00007ffbaa686000 	C:\WINDOWS\System32\win32u.dll
0x00007ffb969e0000 - 0x00007ffb96c73000 	C:\WINDOWS\WinSxS\amd64_microsoft.windows.common-controls_6595b64144ccf1df_6.0.22621.3672_none_2713b9d173822955\COMCTL32.dll
0x00007ffbaaf40000 - 0x00007ffbaaf69000 	C:\WINDOWS\System32\GDI32.dll
0x00007ffbaa7f0000 - 0x00007ffbaa909000 	C:\WINDOWS\System32\gdi32full.dll
0x00007ffbaa0a0000 - 0x00007ffbaa13a000 	C:\WINDOWS\System32\msvcp_win.dll
0x00007ffb9c140000 - 0x00007ffb9c14a000 	C:\WINDOWS\SYSTEM32\VERSION.dll
0x00007ffbaaf00000 - 0x00007ffbaaf31000 	C:\WINDOWS\System32\IMM32.DLL
0x00007ffba0430000 - 0x00007ffba043c000 	C:\Program Files\Java\jdk-21\bin\vcruntime140_1.dll
0x00007ffb7f4a0000 - 0x00007ffb7f52e000 	C:\Program Files\Java\jdk-21\bin\msvcp140.dll
0x00007ffaf8f70000 - 0x00007ffaf9c87000 	C:\Program Files\Java\jdk-21\bin\server\jvm.dll
0x00007ffbab780000 - 0x00007ffbab7f1000 	C:\WINDOWS\System32\WS2_32.dll
0x00007ffba8de0000 - 0x00007ffba8e2d000 	C:\WINDOWS\SYSTEM32\POWRPROF.dll
0x00007ffb9f7f0000 - 0x00007ffb9f824000 	C:\WINDOWS\SYSTEM32\WINMM.dll
0x00007ffba8db0000 - 0x00007ffba8dc3000 	C:\WINDOWS\SYSTEM32\UMPDC.dll
0x00007ffba9070000 - 0x00007ffba9088000 	C:\WINDOWS\SYSTEM32\kernel.appcore.dll
0x00007ffba03f0000 - 0x00007ffba03fa000 	C:\Program Files\Java\jdk-21\bin\jimage.dll
0x00007ffba7300000 - 0x00007ffba7532000 	C:\WINDOWS\SYSTEM32\DBGHELP.DLL
0x00007ffbab3f0000 - 0x00007ffbab778000 	C:\WINDOWS\System32\combase.dll
0x00007ffbaac20000 - 0x00007ffbaacf7000 	C:\WINDOWS\System32\OLEAUT32.dll
0x00007ffb844f0000 - 0x00007ffb84522000 	C:\WINDOWS\SYSTEM32\dbgcore.DLL
0x00007ffbaa910000 - 0x00007ffbaa98b000 	C:\WINDOWS\System32\bcryptPrimitives.dll
0x00007ffb992b0000 - 0x00007ffb992bf000 	C:\Program Files\Java\jdk-21\bin\instrument.dll
0x00007ffb8fdb0000 - 0x00007ffb8fdcf000 	C:\Program Files\Java\jdk-21\bin\java.dll

dbghelp: loaded successfully - version: 4.0.5 - missing functions: none
symbol engine: initialized successfully - sym options: 0x614 - pdb path: .;C:\Program Files\Java\jdk-21\bin;C:\WINDOWS\SYSTEM32;C:\WINDOWS\WinSxS\amd64_microsoft.windows.common-controls_6595b64144ccf1df_6.0.22621.3672_none_2713b9d173822955;C:\Program Files\Java\jdk-21\bin\server

VM Arguments:
jvm_args: -javaagent:C:\Program Files\JetBrains\IntelliJ IDEA 2023.3.3\lib\idea_rt.jar=59367:C:\Program Files\JetBrains\IntelliJ IDEA 2023.3.3\bin -Dfile.encoding=UTF-8 -Dsun.stdout.encoding=UTF-8 -Dsun.stderr.encoding=UTF-8 
java_command: view.Main
java_class_path (initial): C:\Users\Amirr\Main Server\Java Projects\CWTK\target\classes;C:\Users\Amirr\Downloads\sqlite-jdbc-3.46.0.0.jar;C:\Users\Amirr\Downloads\slf4j-api-1.7.36.jar
Launcher Type: SUN_STANDARD

[Global flags]
     intx CICompilerCount                          = 4                                         {product} {ergonomic}
     uint ConcGCThreads                            = 2                                         {product} {ergonomic}
     uint G1ConcRefinementThreads                  = 8                                         {product} {ergonomic}
   size_t G1HeapRegionSize                         = 2097152                                   {product} {ergonomic}
    uintx GCDrainStackTargetSize                   = 64                                        {product} {ergonomic}
   size_t InitialHeapSize                          = 264241152                                 {product} {ergonomic}
   size_t MarkStackSize                            = 4194304                                   {product} {ergonomic}
   size_t MaxHeapSize                              = 4215275520                                {product} {ergonomic}
   size_t MinHeapDeltaBytes                        = 2097152                                   {product} {ergonomic}
   size_t MinHeapSize                              = 8388608                                   {product} {ergonomic}
    uintx NonNMethodCodeHeapSize                   = 5839372                                {pd product} {ergonomic}
    uintx NonProfiledCodeHeapSize                  = 122909434                              {pd product} {ergonomic}
    uintx ProfiledCodeHeapSize                     = 122909434                              {pd product} {ergonomic}
    uintx ReservedCodeCacheSize                    = 251658240                              {pd product} {ergonomic}
     bool SegmentedCodeCache                       = true                                      {product} {ergonomic}
   size_t SoftMaxHeapSize                          = 4215275520                             {manageable} {ergonomic}
     bool UseCompressedOops                        = true                           {product lp64_product} {ergonomic}
     bool UseG1GC                                  = true                                      {product} {ergonomic}
     bool UseLargePagesIndividualAllocation        = false                                  {pd product} {ergonomic}

Logging:
Log output configuration:
 #0: stdout all=warning uptime,level,tags foldmultilines=false
 #1: stderr all=off uptime,level,tags foldmultilines=false

Environment Variables:
PATH=C:\Program Files\Common Files\Oracle\Java\javapath;C:\Program Files (x86)\VMware\VMware Workstation\bin\;C:\Windows\system32;C:\Windows;C:\Windows\System32\Wbem;C:\Windows\System32\WindowsPowerShell\v1.0\;C:\Windows\System32\OpenSSH\;C:\Program Files (x86)\NVIDIA Corporation\PhysX\Common;C:\Program Files\NVIDIA Corporation\NVIDIA NvDLISR;C:\WINDOWS\system32;C:\WINDOWS;C:\WINDOWS\System32\Wbem;C:\WINDOWS\System32\WindowsPowerShell\v1.0\;C:\WINDOWS\System32\OpenSSH\;C:\Program Files\Git\cmd;C:\Program Files\dotnet\;C:\Program Files (x86)\Pico Technology\PicoScope6\;C:\Program Files\MySQL\MySQL Shell 8.0\bin\;C:\Users\Amirr\AppData\Local\Microsoft\WindowsApps;C:\Users\Amirr\AppData\Local\Programs\Microsoft VS Code\bin
USERNAME=Amirr
OS=Windows_NT
PROCESSOR_IDENTIFIER=Intel64 Family 6 Model 140 Stepping 2, GenuineIntel
TMP=C:\Users\Amirr\AppData\Local\Temp
TEMP=C:\Users\Amirr\AppData\Local\Temp




Periodic native trim disabled

---------------  S Y S T E M  ---------------

OS:
 Windows 11 , 64 bit Build 22621 (10.0.22621.3672)
OS uptime: 2 days 15:04 hours
Hyper-V role detected

CPU: total 8 (initial active 8) (4 cores per cpu, 2 threads per core) family 6 model 140 stepping 2 microcode 0x22, cx8, cmov, fxsr, ht, mmx, 3dnowpref, sse, sse2, sse3, ssse3, sse4.1, sse4.2, popcnt, lzcnt, tsc, tscinvbit, avx, avx2, aes, erms, clmul, bmi1, bmi2, adx, avx512f, avx512dq, avx512cd, avx512bw, avx512vl, sha, fma, vzeroupper, avx512_vpopcntdq, avx512_vpclmulqdq, avx512_vaes, avx512_vnni, clflush, clflushopt, clwb, avx512_vbmi2, avx512_vbmi, hv, rdtscp, rdpid, fsrm, gfni, avx512_bitalg, f16c, cet_ibt, cet_ss, avx512_ifma
Processor Information for all 8 processors :
  Max Mhz: 2918, Current Mhz: 2918, Mhz Limit: 2918

Memory: 4k page, system-wide physical 16075M (1364M free)
TotalPageFile size 65227M (AvailPageFile size 88M)
current process WorkingSet (physical memory assigned to process): 11M, peak: 11M
current process commit charge ("private bytes"): 60M, peak: 312M

vm_info: Java HotSpot(TM) 64-Bit Server VM (21.0.2+13-LTS-58) for windows-amd64 JRE (21.0.2+13-LTS-58), built on 2024-01-05T18:32:24Z by "mach5one" with MS VC++ 17.1 (VS2022)

END.
